<?xml version="1.0" encoding="UTF-8"?>
<testng-results skipped="0" failed="0" ignored="0" total="1" passed="1">
  <reporter-output>
  </reporter-output>
  <suite name="Default suite" duration-ms="15320" started-at="2020-10-11T15:19:08 IST" finished-at="2020-10-11T15:19:24 IST">
    <groups>
    </groups>
    <test name="Default test" duration-ms="15320" started-at="2020-10-11T15:19:08 IST" finished-at="2020-10-11T15:19:24 IST">
      <class name="com.Mercury.Demo">
        <test-method status="PASS" signature="Open_Browser()[pri:0, instance:com.Mercury.Demo@627551fb]" name="Open_Browser" is-config="true" duration-ms="10819" started-at="2020-10-11T15:19:08 IST" finished-at="2020-10-11T15:19:19 IST">
          <reporter-output>
          </reporter-output>
        </test-method> <!-- Open_Browser -->
        <test-method status="PASS" signature="cookies()[pri:0, instance:com.Mercury.Demo@627551fb]" name="cookies" is-config="true" duration-ms="43" started-at="2020-10-11T15:19:19 IST" finished-at="2020-10-11T15:19:19 IST">
          <reporter-output>
          </reporter-output>
        </test-method> <!-- cookies -->
        <test-method status="PASS" signature="Login_Mercury()[pri:0, instance:com.Mercury.Demo@627551fb]" name="Login_Mercury" duration-ms="2862" started-at="2020-10-11T15:19:19 IST" finished-at="2020-10-11T15:19:22 IST">
          <reporter-output>
          </reporter-output>
        </test-method> <!-- Login_Mercury -->
        <test-method status="PASS" signature="TakeScreenShoty()[pri:0, instance:com.Mercury.Demo@627551fb]" name="TakeScreenShoty" is-config="true" duration-ms="1292" started-at="2020-10-11T15:19:22 IST" finished-at="2020-10-11T15:19:23 IST">
          <reporter-output>
          </reporter-output>
        </test-method> <!-- TakeScreenShoty -->
        <test-method status="PASS" signature="logog()[pri:0, instance:com.Mercury.Demo@627551fb]" name="logog" is-config="true" duration-ms="197" started-at="2020-10-11T15:19:23 IST" finished-at="2020-10-11T15:19:24 IST">
          <reporter-output>
          </reporter-output>
        </test-method> <!-- logog -->
      </class> <!-- com.Mercury.Demo -->
    </test> <!-- Default test -->
  </suite> <!-- Default suite -->
</testng-results>
